0 info it worked if it ends with ok
1 verbose cli [ '/usr/local/bin/node', '/usr/local/bin/npm', 'run', 'start' ]
2 info using npm@3.9.3
3 info using node@v4.4.5
4 verbose run-script [ 'prestart', 'start', 'poststart' ]
5 info lifecycle reaction@0.0.0~prestart: reaction@0.0.0
6 silly lifecycle reaction@0.0.0~prestart: no script for prestart, continuing
7 info lifecycle reaction@0.0.0~start: reaction@0.0.0
8 verbose lifecycle reaction@0.0.0~start: unsafe-perm in lifecycle true
9 verbose lifecycle reaction@0.0.0~start: PATH: /usr/local/lib/node_modules/npm/bin/node-gyp-bin:/Users/cc/Desktop/apps/reactApp01/lib/Mastering_React_code/Chapter_5/Part_2/node_modules/.bin:/usr/local/bin:/usr/local/bin:/usr/bin:/bin:/usr/sbin:/sbin:/Users/cc/Downloads/mongodb-osx-x86_64-3.2.6/bin:/Users/cc/Downloads/node-v0.10.2-darwin-x64/bin
10 verbose lifecycle reaction@0.0.0~start: CWD: /Users/cc/Desktop/apps/reactApp01/lib/Mastering_React_code/Chapter_5/Part_2
11 silly lifecycle reaction@0.0.0~start: Args: [ '-c',
11 silly lifecycle   'webpack-dev-server --progress --color --watch & json-server db/db.json' ]
12 info lifecycle reaction@0.0.0~start: Failed to exec start script
13 verbose stack Error: reaction@0.0.0 start: `webpack-dev-server --progress --color --watch & json-server db/db.json`
13 verbose stack spawn ENOENT
13 verbose stack     at ChildProcess.<anonymous> (/usr/local/lib/node_modules/npm/lib/utils/spawn.js:17:16)
13 verbose stack     at emitTwo (events.js:87:13)
13 verbose stack     at ChildProcess.emit (events.js:172:7)
13 verbose stack     at maybeClose (internal/child_process.js:827:16)
13 verbose stack     at Process.ChildProcess._handle.onexit (internal/child_process.js:211:5)
14 verbose pkgid reaction@0.0.0
15 verbose cwd /Users/cc/Desktop/apps/reactApp01/lib/Mastering_React_code/Chapter_5/Part_2
16 error Darwin 15.6.0
17 error argv "/usr/local/bin/node" "/usr/local/bin/npm" "run" "start"
18 error node v4.4.5
19 error npm  v3.9.3
20 error file sh
21 error code ELIFECYCLE
22 error errno ENOENT
23 error syscall spawn
24 error reaction@0.0.0 start: `webpack-dev-server --progress --color --watch & json-server db/db.json`
24 error spawn ENOENT
25 error Failed at the reaction@0.0.0 start script 'webpack-dev-server --progress --color --watch & json-server db/db.json'.
25 error Make sure you have the latest version of node.js and npm installed.
25 error If you do, this is most likely a problem with the reaction package,
25 error not with npm itself.
25 error Tell the author that this fails on your system:
25 error     webpack-dev-server --progress --color --watch & json-server db/db.json
25 error You can get information on how to open an issue for this project with:
25 error     npm bugs reaction
25 error Or if that isn't available, you can get their info via:
25 error     npm owner ls reaction
25 error There is likely additional logging output above.
26 verbose exit [ 1, true ]
